Determining if the pthread_create exist failed with the following output:
Change Dir: /home/student/gazebo_plugin_tutorial/build/CMakeFiles/CMakeTmp

Run Build Command:"/usr/bin/make" "cmTC_71731/fast"
/usr/bin/make -f CMakeFiles/cmTC_71731.dir/build.make CMakeFiles/cmTC_71731.dir/build
make[1]: Entering directory '/home/student/gazebo_plugin_tutorial/build/CMakeFiles/CMakeTmp'
Building C object CMakeFiles/cmTC_71731.dir/CheckSymbolExists.c.o
/usr/bin/cc    -o CMakeFiles/cmTC_71731.dir/CheckSymbolExists.c.o   -c /home/student/gazebo_plugin_tutorial/build/CMakeFiles/CMakeTmp/CheckSymbolExists.c
Linking C executable cmTC_71731
/usr/bin/cmake -E cmake_link_script CMakeFiles/cmTC_71731.dir/link.txt --verbose=1
/usr/bin/cc      -rdynamic CMakeFiles/cmTC_71731.dir/CheckSymbolExists.c.o  -o cmTC_71731 
CMakeFiles/cmTC_71731.dir/CheckSymbolExists.c.o: In function `main':
CheckSymbolExists.c:(.text+0x1b): undefined reference to `pthread_create'
collect2: error: ld returned 1 exit status
CMakeFiles/cmTC_71731.dir/build.make:97: recipe for target 'cmTC_71731' failed
make[1]: *** [cmTC_71731] Error 1
make[1]: Leaving directory '/home/student/gazebo_plugin_tutorial/build/CMakeFiles/CMakeTmp'
Makefile:126: recipe for target 'cmTC_71731/fast' failed
make: *** [cmTC_71731/fast] Error 2

File /home/student/gazebo_plugin_tutorial/build/CMakeFiles/CMakeTmp/CheckSymbolExists.c:
/* */
#include <pthread.h>

int main(int argc, char** argv)
{
  (void)argv;
#ifndef pthread_create
  return ((int*)(&pthread_create))[argc];
#else
  (void)argc;
  return 0;
#endif
}

Determining if the function pthread_create exists in the pthreads failed with the following output:
Change Dir: /home/student/gazebo_plugin_tutorial/build/CMakeFiles/CMakeTmp

Run Build Command:"/usr/bin/make" "cmTC_0f82a/fast"
/usr/bin/make -f CMakeFiles/cmTC_0f82a.dir/build.make CMakeFiles/cmTC_0f82a.dir/build
make[1]: Entering directory '/home/student/gazebo_plugin_tutorial/build/CMakeFiles/CMakeTmp'
Building C object CMakeFiles/cmTC_0f82a.dir/CheckFunctionExists.c.o
/usr/bin/cc   -DCHECK_FUNCTION_EXISTS=pthread_create   -o CMakeFiles/cmTC_0f82a.dir/CheckFunctionExists.c.o   -c /usr/share/cmake-3.10/Modules/CheckFunctionExists.c
Linking C executable cmTC_0f82a
/usr/bin/cmake -E cmake_link_script CMakeFiles/cmTC_0f82a.dir/link.txt --verbose=1
/usr/bin/cc  -DCHECK_FUNCTION_EXISTS=pthread_create    -rdynamic CMakeFiles/cmTC_0f82a.dir/CheckFunctionExists.c.o  -o cmTC_0f82a -lpthreads 
/usr/bin/ld: cannot find -lpthreads
collect2: error: ld returned 1 exit status
CMakeFiles/cmTC_0f82a.dir/build.make:97: recipe for target 'cmTC_0f82a' failed
make[1]: *** [cmTC_0f82a] Error 1
make[1]: Leaving directory '/home/student/gazebo_plugin_tutorial/build/CMakeFiles/CMakeTmp'
Makefile:126: recipe for target 'cmTC_0f82a/fast' failed
make: *** [cmTC_0f82a/fast] Error 2


Determining if the pthread_create exist failed with the following output:
Change Dir: /home/student/project/gazebo_plugin_tutorial/build/CMakeFiles/CMakeTmp

Run Build Command:"/usr/bin/make" "cmTC_84a50/fast"
/usr/bin/make -f CMakeFiles/cmTC_84a50.dir/build.make CMakeFiles/cmTC_84a50.dir/build
make[1]: Entering directory '/home/student/project/gazebo_plugin_tutorial/build/CMakeFiles/CMakeTmp'
Building C object CMakeFiles/cmTC_84a50.dir/CheckSymbolExists.c.o
/usr/bin/cc    -o CMakeFiles/cmTC_84a50.dir/CheckSymbolExists.c.o   -c /home/student/project/gazebo_plugin_tutorial/build/CMakeFiles/CMakeTmp/CheckSymbolExists.c
Linking C executable cmTC_84a50
/usr/bin/cmake -E cmake_link_script CMakeFiles/cmTC_84a50.dir/link.txt --verbose=1
/usr/bin/cc      -rdynamic CMakeFiles/cmTC_84a50.dir/CheckSymbolExists.c.o  -o cmTC_84a50 
CMakeFiles/cmTC_84a50.dir/CheckSymbolExists.c.o: In function `main':
CheckSymbolExists.c:(.text+0x1b): undefined reference to `pthread_create'
collect2: error: ld returned 1 exit status
CMakeFiles/cmTC_84a50.dir/build.make:97: recipe for target 'cmTC_84a50' failed
make[1]: *** [cmTC_84a50] Error 1
make[1]: Leaving directory '/home/student/project/gazebo_plugin_tutorial/build/CMakeFiles/CMakeTmp'
Makefile:126: recipe for target 'cmTC_84a50/fast' failed
make: *** [cmTC_84a50/fast] Error 2

File /home/student/project/gazebo_plugin_tutorial/build/CMakeFiles/CMakeTmp/CheckSymbolExists.c:
/* */
#include <pthread.h>

int main(int argc, char** argv)
{
  (void)argv;
#ifndef pthread_create
  return ((int*)(&pthread_create))[argc];
#else
  (void)argc;
  return 0;
#endif
}

Determining if the function pthread_create exists in the pthreads failed with the following output:
Change Dir: /home/student/project/gazebo_plugin_tutorial/build/CMakeFiles/CMakeTmp

Run Build Command:"/usr/bin/make" "cmTC_d8c08/fast"
/usr/bin/make -f CMakeFiles/cmTC_d8c08.dir/build.make CMakeFiles/cmTC_d8c08.dir/build
make[1]: Entering directory '/home/student/project/gazebo_plugin_tutorial/build/CMakeFiles/CMakeTmp'
Building C object CMakeFiles/cmTC_d8c08.dir/CheckFunctionExists.c.o
/usr/bin/cc   -DCHECK_FUNCTION_EXISTS=pthread_create   -o CMakeFiles/cmTC_d8c08.dir/CheckFunctionExists.c.o   -c /usr/share/cmake-3.10/Modules/CheckFunctionExists.c
Linking C executable cmTC_d8c08
/usr/bin/cmake -E cmake_link_script CMakeFiles/cmTC_d8c08.dir/link.txt --verbose=1
/usr/bin/cc  -DCHECK_FUNCTION_EXISTS=pthread_create    -rdynamic CMakeFiles/cmTC_d8c08.dir/CheckFunctionExists.c.o  -o cmTC_d8c08 -lpthreads 
/usr/bin/ld: cannot find -lpthreads
collect2: error: ld returned 1 exit status
CMakeFiles/cmTC_d8c08.dir/build.make:97: recipe for target 'cmTC_d8c08' failed
make[1]: *** [cmTC_d8c08] Error 1
make[1]: Leaving directory '/home/student/project/gazebo_plugin_tutorial/build/CMakeFiles/CMakeTmp'
Makefile:126: recipe for target 'cmTC_d8c08/fast' failed
make: *** [cmTC_d8c08/fast] Error 2


Determining if the pthread_create exist failed with the following output:
Change Dir: /home/student/project/gazebo_plugin_tutorial/build/CMakeFiles/CMakeTmp

Run Build Command:"/usr/bin/make" "cmTC_84184/fast"
/usr/bin/make -f CMakeFiles/cmTC_84184.dir/build.make CMakeFiles/cmTC_84184.dir/build
make[1]: Entering directory '/home/student/project/gazebo_plugin_tutorial/build/CMakeFiles/CMakeTmp'
Building C object CMakeFiles/cmTC_84184.dir/CheckSymbolExists.c.o
/usr/bin/cc    -o CMakeFiles/cmTC_84184.dir/CheckSymbolExists.c.o   -c /home/student/project/gazebo_plugin_tutorial/build/CMakeFiles/CMakeTmp/CheckSymbolExists.c
Linking C executable cmTC_84184
/usr/bin/cmake -E cmake_link_script CMakeFiles/cmTC_84184.dir/link.txt --verbose=1
/usr/bin/cc      -rdynamic CMakeFiles/cmTC_84184.dir/CheckSymbolExists.c.o  -o cmTC_84184 
CMakeFiles/cmTC_84184.dir/CheckSymbolExists.c.o: In function `main':
CheckSymbolExists.c:(.text+0x1b): undefined reference to `pthread_create'
collect2: error: ld returned 1 exit status
CMakeFiles/cmTC_84184.dir/build.make:97: recipe for target 'cmTC_84184' failed
make[1]: *** [cmTC_84184] Error 1
make[1]: Leaving directory '/home/student/project/gazebo_plugin_tutorial/build/CMakeFiles/CMakeTmp'
Makefile:126: recipe for target 'cmTC_84184/fast' failed
make: *** [cmTC_84184/fast] Error 2

File /home/student/project/gazebo_plugin_tutorial/build/CMakeFiles/CMakeTmp/CheckSymbolExists.c:
/* */
#include <pthread.h>

int main(int argc, char** argv)
{
  (void)argv;
#ifndef pthread_create
  return ((int*)(&pthread_create))[argc];
#else
  (void)argc;
  return 0;
#endif
}

Determining if the function pthread_create exists in the pthreads failed with the following output:
Change Dir: /home/student/project/gazebo_plugin_tutorial/build/CMakeFiles/CMakeTmp

Run Build Command:"/usr/bin/make" "cmTC_a61b3/fast"
/usr/bin/make -f CMakeFiles/cmTC_a61b3.dir/build.make CMakeFiles/cmTC_a61b3.dir/build
make[1]: Entering directory '/home/student/project/gazebo_plugin_tutorial/build/CMakeFiles/CMakeTmp'
Building C object CMakeFiles/cmTC_a61b3.dir/CheckFunctionExists.c.o
/usr/bin/cc   -DCHECK_FUNCTION_EXISTS=pthread_create   -o CMakeFiles/cmTC_a61b3.dir/CheckFunctionExists.c.o   -c /usr/share/cmake-3.10/Modules/CheckFunctionExists.c
Linking C executable cmTC_a61b3
/usr/bin/cmake -E cmake_link_script CMakeFiles/cmTC_a61b3.dir/link.txt --verbose=1
/usr/bin/cc  -DCHECK_FUNCTION_EXISTS=pthread_create    -rdynamic CMakeFiles/cmTC_a61b3.dir/CheckFunctionExists.c.o  -o cmTC_a61b3 -lpthreads 
/usr/bin/ld: cannot find -lpthreads
collect2: error: ld returned 1 exit status
CMakeFiles/cmTC_a61b3.dir/build.make:97: recipe for target 'cmTC_a61b3' failed
make[1]: *** [cmTC_a61b3] Error 1
make[1]: Leaving directory '/home/student/project/gazebo_plugin_tutorial/build/CMakeFiles/CMakeTmp'
Makefile:126: recipe for target 'cmTC_a61b3/fast' failed
make: *** [cmTC_a61b3/fast] Error 2


